<?xml version="1.0" encoding="UTF-8"?>
<testng-results skipped="0" failed="0" ignored="0" total="2" passed="2">
  <reporter-output>
  </reporter-output>
  <suite name="Default suite" duration-ms="16985" started-at="2022-02-04T08:44:36Z" finished-at="2022-02-04T08:44:53Z">
    <groups>
    </groups>
    <test name="Default test" duration-ms="16985" started-at="2022-02-04T08:44:36Z" finished-at="2022-02-04T08:44:53Z">
      <class name="test.selenium.SeleniumAzurePipelineDemo.TestNGParallelTestingDemo">
        <test-method status="PASS" signature="test2()[pri:1, instance:test.selenium.SeleniumAzurePipelineDemo.TestNGParallelTestingDemo@617faa95]" name="test2" duration-ms="10295" started-at="2022-02-04T14:14:36Z" finished-at="2022-02-04T14:14:47Z">
          <reporter-output>
          </reporter-output>
        </test-method> <!-- test2 -->
        <test-method status="PASS" signature="test1()[pri:2, instance:test.selenium.SeleniumAzurePipelineDemo.TestNGParallelTestingDemo@617faa95]" name="test1" duration-ms="6666" started-at="2022-02-04T14:14:47Z" finished-at="2022-02-04T14:14:53Z">
          <reporter-output>
          </reporter-output>
        </test-method> <!-- test1 -->
      </class> <!-- test.selenium.SeleniumAzurePipelineDemo.TestNGParallelTestingDemo -->
    </test> <!-- Default test -->
  </suite> <!-- Default suite -->
</testng-results>
