<?xml version="1.0" encoding="UTF-8"?>
<!-- Generated by org.testng.reporters.JUnitXMLReporter -->
<testsuite hostname="DESKTOP-7AL274K" ignored="0" name="Default test" tests="2" failures="0" timestamp="04 Feb 2022 08:44:53 GMT" time="16.985" errors="0">
  <testcase name="test2" time="10.295" classname="test.selenium.SeleniumAzurePipelineDemo.TestNGParallelTestingDemo"/>
  <testcase name="test1" time="6.666" classname="test.selenium.SeleniumAzurePipelineDemo.TestNGParallelTestingDemo"/>
</testsuite> <!-- Default test -->
